<?xml version="1.0" encoding="UTF-8"?>
<testsuite xmlns:xsi="http://www.w3.org/2001/XMLSchema-instance" xsi:noNamespaceSchemaLocation="https://maven.apache.org/surefire/maven-surefire-plugin/xsd/surefire-test-report.xsd" name="com.ravi.common.AppTest" time="0.023" tests="1" errors="0" skipped="0" failures="0">
  <properties>
    <property name="sun.desktop" value="windows"/>
    <property name="awt.toolkit" value="sun.awt.windows.WToolkit"/>
    <property name="file.encoding.pkg" value="sun.io"/>
    <property name="java.specification.version" value="1.8"/>
    <property name="sun.cpu.isalist" value="amd64"/>
    <property name="sun.jnu.encoding" value="Cp1252"/>
    <property name="java.class.path" value="D:\users\pfernandez\course\jenkins\springExample\target\test-classes;D:\users\pfernandez\course\jenkins\springExample\target\classes;d:\repository\junit\junit\3.8.1\junit-3.8.1.jar;d:\repository\org\springframework\spring\2.5.6\spring-2.5.6.jar;d:\repository\commons-logging\commons-logging\1.1.1\commons-logging-1.1.1.jar;"/>
    <property name="java.vm.vendor" value="Oracle Corporation"/>
    <property name="sun.arch.data.model" value="64"/>
    <property name="user.variant" value=""/>
    <property name="java.vendor.url" value="http://java.oracle.com/"/>
    <property name="user.timezone" value=""/>
    <property name="java.vm.specification.version" value="1.8"/>
    <property name="os.name" value="Windows 10"/>
    <property name="user.country" value="US"/>
    <property name="sun.java.launcher" value="SUN_STANDARD"/>
    <property name="sun.boot.library.path" value="C:\jdk1.8.0_181\jre\bin"/>
    <property name="sun.java.command" value="C:\Users\PFERNA~1\AppData\Local\Temp\surefire785807169291049080\surefirebooter4741796790406501818.jar C:\Users\pfernandez\AppData\Local\Temp\surefire785807169291049080 2020-07-31T06-36-16_613-jvmRun1 surefire914124225100026240tmp surefire_02030807292507448347tmp"/>
    <property name="surefire.test.class.path" value="D:\users\pfernandez\course\jenkins\springExample\target\test-classes;D:\users\pfernandez\course\jenkins\springExample\target\classes;d:\repository\junit\junit\3.8.1\junit-3.8.1.jar;d:\repository\org\springframework\spring\2.5.6\spring-2.5.6.jar;d:\repository\commons-logging\commons-logging\1.1.1\commons-logging-1.1.1.jar;"/>
    <property name="sun.cpu.endian" value="little"/>
    <property name="user.home" value="C:\Users\pfernandez"/>
    <property name="user.language" value="en"/>
    <property name="java.specification.vendor" value="Oracle Corporation"/>
    <property name="java.home" value="C:\jdk1.8.0_181\jre"/>
    <property name="basedir" value="D:\users\pfernandez\course\jenkins\springExample"/>
    <property name="file.separator" value="\"/>
    <property name="line.separator" value="&#10;"/>
    <property name="java.vm.specification.vendor" value="Oracle Corporation"/>
    <property name="java.specification.name" value="Java Platform API Specification"/>
    <property name="java.awt.graphicsenv" value="sun.awt.Win32GraphicsEnvironment"/>
    <property name="surefire.real.class.path" value="C:\Users\PFERNA~1\AppData\Local\Temp\surefire785807169291049080\surefirebooter4741796790406501818.jar"/>
    <property name="sun.boot.class.path" value="C:\jdk1.8.0_181\jre\lib\resources.jar;C:\jdk1.8.0_181\jre\lib\rt.jar;C:\jdk1.8.0_181\jre\lib\sunrsasign.jar;C:\jdk1.8.0_181\jre\lib\jsse.jar;C:\jdk1.8.0_181\jre\lib\jce.jar;C:\jdk1.8.0_181\jre\lib\charsets.jar;C:\jdk1.8.0_181\jre\lib\jfr.jar;C:\jdk1.8.0_181\jre\classes"/>
    <property name="user.script" value=""/>
    <property name="sun.management.compiler" value="HotSpot 64-Bit Tiered Compilers"/>
    <property name="java.runtime.version" value="1.8.0_181-b13"/>
    <property name="user.name" value="pfernandez"/>
    <property name="path.separator" value=";"/>
    <property name="os.version" value="10.0"/>
    <property name="java.endorsed.dirs" value="C:\jdk1.8.0_181\jre\lib\endorsed"/>
    <property name="java.runtime.name" value="Java(TM) SE Runtime Environment"/>
    <property name="file.encoding" value="Cp1252"/>
    <property name="java.vm.name" value="Java HotSpot(TM) 64-Bit Server VM"/>
    <property name="localRepository" value="d:\repository"/>
    <property name="java.vendor.url.bug" value="http://bugreport.sun.com/bugreport/"/>
    <property name="java.io.tmpdir" value="C:\Users\PFERNA~1\AppData\Local\Temp\"/>
    <property name="java.version" value="1.8.0_181"/>
    <property name="user.dir" value="D:\users\pfernandez\course\jenkins\springExample"/>
    <property name="os.arch" value="amd64"/>
    <property name="java.vm.specification.name" value="Java Virtual Machine Specification"/>
    <property name="java.awt.printerjob" value="sun.awt.windows.WPrinterJob"/>
    <property name="sun.os.patch.level" value=""/>
    <property name="java.library.path" value="C:\jdk1.8.0_181\jre\bin;C:\Windows\Sun\Java\bin;C:\Windows\system32;C:\Windows;C:\ProgramData\DockerDesktop\version-bin;C:\Program Files\Docker\Docker\Resources\bin;C:\Program Files (x86)\Common Files\Oracle\Java\javapath;C:\Program Files (x86)\RSA SecurID Token Common;C:\Program Files\RSA SecurID Token Common;C:\Windows\system32;C:\Windows;C:\Windows\System32\Wbem;C:\Windows\System32\WindowsPowerShell\v1.0\;C:\Windows\System32\OpenSSH\;C:\Windows\CCM;C:\Program Files (x86)\Common Files\EMC\;C:\PROGRA~1\IBM\SQLLIB\BIN;C:\PROGRA~1\IBM\SQLLIB\FUNCTION;C:\PROGRA~1\IBM\SQLLIB\SAMPLES\REPL;C:\Program Files (x86)\Microsoft SQL Server\Client SDK\ODBC\110\Tools\Binn\;C:\Program Files (x86)\Microsoft SQL Server\120\Tools\Binn\ManagementStudio\;C:\Program Files (x86)\Microsoft SQL Server\120\Tools\Binn\;C:\Program Files (x86)\Microsoft SQL Server\120\DTS\Binn\;C:\PostgreSQL\pg10\bin;C:\spark-2.4.0-bin-hadoop2.7\bin;C:\git\cmd;C:\maven-3.3.9\bin;C:\Gpg4win\..\GnuPG\bin;C:\Users\pfernandez\Downloads;C:\TortoiseSVN\bin;C:\nodejs;C:\jdk1.8.0_181\bin;C:\redis;C:\Users\pfernandez\AppData\Local\Microsof;C:\ProgramData\chocolatey\bin;C:\Amazon\AWSCLI\bin\;C:\Program Files\Intel\WiFi\bin\;C:\Program Files\Common Files\Intel\WirelessCommon\;C:\Program Files (x86)\Intel\Intel(R) Management Engine Components\DAL;C:\Program Files\Intel\Intel(R) Management Engine Components\DAL;&quot;C:\Users\pfernandez\AppData\Local\Microsoft\WindowsApps;&quot;;;C:\Users\pfernandez\AppData\Local\Programs\Microsoft VS Code\bin;."/>
    <property name="java.vm.info" value="mixed mode"/>
    <property name="java.vendor" value="Oracle Corporation"/>
    <property name="java.vm.version" value="25.181-b13"/>
    <property name="java.ext.dirs" value="C:\jdk1.8.0_181\jre\lib\ext;C:\Windows\Sun\Java\lib\ext"/>
    <property name="sun.io.unicode.encoding" value="UnicodeLittle"/>
    <property name="java.class.version" value="52.0"/>
  </properties>
  <testcase name="testApp" classname="com.ravi.common.AppTest" time="0.002"/>
</testsuite>